# JRE version: OpenJDK Runtime Environment (17.0.6) (build 17.0.6+0-b2043.56-9586694)
# Java VM: OpenJDK 64-Bit Server VM (17.0.6+0-b2043.56-9586694, mixed mode, tiered, compressed oops, compressed class ptrs, g1 gc, windows-amd64)
GC Precious Log:
 CPUs: 4 total, 4 available
 Memory: 20314M
 Large Page Support: Disabled
 NUMA Support: Disabled
 Compressed Oops: Enabled (Zero based)
 Heap Region Size: 2M
 Heap Min Capacity: 8M
 Heap Initial Capacity: 318M
 Heap Max Capacity: 3536M
 Pre-touch: Disabled
 Parallel Workers: 4
 Concurrent Workers: 1
 Concurrent Refinement Workers: 4
 Periodic GC: Disabled
Heap:
 garbage-first heap   total 249856K, used 167320K [0x0000000723000000, 0x0000000800000000)
  region size 2048K, 26 young (53248K), 6 survivors (12288K)
 Metaspace       used 98027K, committed 98880K, reserved 1138688K
  class space    used 13293K, committed 13696K, reserved 1048576K
GC Heap History (20 events):
Event: 29.060 GC heap before
{Heap before GC invocations=21 (full 0):
 garbage-first heap   total 151552K, used 112818K [0x0000000723000000, 0x0000000800000000)
  region size 2048K, 30 young (61440K), 3 survivors (6144K)
 Metaspace       used 76919K, committed 77504K, reserved 1122304K
  class space    used 10606K, committed 10880K, reserved 1048576K
}
Event: 29.068 GC heap after
{Heap after GC invocations=22 (full 0):
 garbage-first heap   total 151552K, used 60622K [0x0000000723000000, 0x0000000800000000)
  region size 2048K, 3 young (6144K), 3 survivors (6144K)
 Metaspace       used 76919K, committed 77504K, reserved 1122304K
  class space    used 10606K, committed 10880K, reserved 1048576K
}
Event: 29.740 GC heap before
{Heap before GC invocations=22 (full 0):
 garbage-first heap   total 151552K, used 122062K [0x0000000723000000, 0x0000000800000000)
  region size 2048K, 31 young (63488K), 3 survivors (6144K)
 Metaspace       used 77020K, committed 77568K, reserved 1122304K
  class space    used 10615K, committed 10880K, reserved 1048576K
}
Event: 29.750 GC heap after
{Heap after GC invocations=23 (full 0):
 garbage-first heap   total 151552K, used 75726K [0x0000000723000000, 0x0000000800000000)
  region size 2048K, 4 young (8192K), 4 survivors (8192K)
 Metaspace       used 77020K, committed 77568K, reserved 1122304K
  class space    used 10615K, committed 10880K, reserved 1048576K
}
Event: 30.840 GC heap before
{Heap before GC invocations=23 (full 0):
 garbage-first heap   total 151552K, used 116686K [0x0000000723000000, 0x0000000800000000)
  region size 2048K, 24 young (49152K), 4 survivors (8192K)
 Metaspace       used 78535K, committed 79232K, reserved 1122304K
  class space    used 10811K, committed 11136K, reserved 1048576K
}
Event: 30.856 GC heap after
{Heap after GC invocations=24 (full 0):
 garbage-first heap   total 151552K, used 86517K [0x0000000723000000, 0x0000000800000000)
  region size 2048K, 3 young (6144K), 3 survivors (6144K)
 Metaspace       used 78535K, committed 79232K, reserved 1122304K
  class space    used 10811K, committed 11136K, reserved 1048576K
}
Event: 31.947 GC heap before
{Heap before GC invocations=24 (full 0):
 garbage-first heap   total 151552K, used 113141K [0x0000000723000000, 0x0000000800000000)
  region size 2048K, 17 young (34816K), 3 survivors (6144K)
 Metaspace       used 80679K, committed 81344K, reserved 1122304K
  class space    used 11069K, committed 11392K, reserved 1048576K
}
Event: 31.958 GC heap after
{Heap after GC invocations=25 (full 0):
 garbage-first heap   total 249856K, used 89449K [0x0000000723000000, 0x0000000800000000)
  region size 2048K, 2 young (4096K), 2 survivors (4096K)
 Metaspace       used 80679K, committed 81344K, reserved 1122304K
  class space    used 11069K, committed 11392K, reserved 1048576K
}
Event: 34.239 GC heap before
{Heap before GC invocations=26 (full 0):
 garbage-first heap   total 249856K, used 177513K [0x0000000723000000, 0x0000000800000000)
  region size 2048K, 46 young (94208K), 2 survivors (4096K)
 Metaspace       used 87397K, committed 88064K, reserved 1130496K
  class space    used 11839K, committed 12160K, reserved 1048576K
}
Event: 34.254 GC heap after
{Heap after GC invocations=27 (full 0):
 garbage-first heap   total 249856K, used 94538K [0x0000000723000000, 0x0000000800000000)
  region size 2048K, 4 young (8192K), 4 survivors (8192K)
 Metaspace       used 87397K, committed 88064K, reserved 1130496K
  class space    used 11839K, committed 12160K, reserved 1048576K
}
Event: 34.342 GC heap before
{Heap before GC invocations=27 (full 0):
 garbage-first heap   total 249856K, used 98634K [0x0000000723000000, 0x0000000800000000)
  region size 2048K, 6 young (12288K), 4 survivors (8192K)
 Metaspace       used 87684K, committed 88320K, reserved 1130496K
  class space    used 11882K, committed 12160K, reserved 1048576K
}
Event: 34.355 GC heap after
{Heap after GC invocations=28 (full 0):
 garbage-first heap   total 249856K, used 94495K [0x0000000723000000, 0x0000000800000000)
  region size 2048K, 1 young (2048K), 1 survivors (2048K)
 Metaspace       used 87684K, committed 88320K, reserved 1130496K
  class space    used 11882K, committed 12160K, reserved 1048576K
}
Event: 36.796 GC heap before
{Heap before GC invocations=28 (full 0):
 garbage-first heap   total 249856K, used 188703K [0x0000000723000000, 0x0000000800000000)
  region size 2048K, 45 young (92160K), 1 survivors (2048K)
 Metaspace       used 94890K, committed 95552K, reserved 1138688K
  class space    used 12870K, committed 13184K, reserved 1048576K
}
Event: 36.808 GC heap after
{Heap after GC invocations=29 (full 0):
 garbage-first heap   total 249856K, used 103116K [0x0000000723000000, 0x0000000800000000)
  region size 2048K, 3 young (6144K), 3 survivors (6144K)
 Metaspace       used 94890K, committed 95552K, reserved 1138688K
  class space    used 12870K, committed 13184K, reserved 1048576K
}
Event: 38.394 GC heap before
{Heap before GC invocations=29 (full 0):
 garbage-first heap   total 249856K, used 191180K [0x0000000723000000, 0x0000000800000000)
  region size 2048K, 46 young (94208K), 3 survivors (6144K)
 Metaspace       used 95966K, committed 96768K, reserved 1138688K
  class space    used 13010K, committed 13376K, reserved 1048576K
}
Event: 38.415 GC heap after
{Heap after GC invocations=30 (full 0):
 garbage-first heap   total 249856K, used 110370K [0x0000000723000000, 0x0000000800000000)
  region size 2048K, 6 young (12288K), 6 survivors (12288K)
 Metaspace       used 95966K, committed 96768K, reserved 1138688K
  class space    used 13010K, committed 13376K, reserved 1048576K
}
Event: 39.323 GC heap before
{Heap before GC invocations=30 (full 0):
 garbage-first heap   total 249856K, used 194338K [0x0000000723000000, 0x0000000800000000)
  region size 2048K, 47 young (96256K), 6 survivors (12288K)
 Metaspace       used 95982K, committed 96768K, reserved 1138688K
  class space    used 13010K, committed 13376K, reserved 1048576K
}
Event: 39.344 GC heap after
{Heap after GC invocations=31 (full 0):
 garbage-first heap   total 249856K, used 113384K [0x0000000723000000, 0x0000000800000000)
  region size 2048K, 3 young (6144K), 3 survivors (6144K)
 Metaspace       used 95982K, committed 96768K, reserved 1138688K
  class space    used 13010K, committed 13376K, reserved 1048576K
}
Event: 40.775 GC heap before
{Heap before GC invocations=31 (full 0):
 garbage-first heap   total 249856K, used 201448K [0x0000000723000000, 0x0000000800000000)
  region size 2048K, 44 young (90112K), 3 survivors (6144K)
 Metaspace       used 97801K, committed 98560K, reserved 1138688K
  class space    used 13260K, committed 13632K, reserved 1048576K
}
Event: 40.788 GC heap after
{Heap after GC invocations=32 (full 0):
 garbage-first heap   total 249856K, used 128408K [0x0000000723000000, 0x0000000800000000)
  region size 2048K, 6 young (12288K), 6 survivors (12288K)
 Metaspace       used 97801K, committed 98560K, reserved 1138688K
  class space    used 13260K, committed 13632K, reserved 1048576K
}

