GC Precious Log:
 CPUs: 4 total, 4 available
 Memory: 20314M
 Large Page Support: Disabled
 NUMA Support: Disabled
 Compressed Oops: Enabled (Zero based)
 Heap Region Size: 4M
 Heap Min Capacity: 8M
 Heap Initial Capacity: 320M
 Heap Max Capacity: 5080M
 Pre-touch: Disabled
 Parallel Workers: 4
 Concurrent Workers: 1
 Concurrent Refinement Workers: 4
 Periodic GC: Disabled
Heap:
 garbage-first heap   total 327680K, used 13601K [0x00000006c2800000, 0x0000000800000000)
  region size 4096K, 2 young (8192K), 1 survivors (4096K)
 Metaspace       used 19444K, committed 19584K, reserved 1073152K
  class space    used 2226K, committed 2304K, reserved 1048576K
GC Heap History (6 events):
Event: 1.472 GC heap before
{Heap before GC invocations=0 (full 0):
 garbage-first heap   total 327680K, used 16384K [0x00000006c2800000, 0x0000000800000000)
  region size 4096K, 4 young (16384K), 0 survivors (0K)
 Metaspace       used 8264K, committed 8384K, reserved 1064960K
  class space    used 722K, committed 768K, reserved 1048576K
}
Event: 1.482 GC heap after
{Heap after GC invocations=1 (full 0):
 garbage-first heap   total 327680K, used 1563K [0x00000006c2800000, 0x0000000800000000)
  region size 4096K, 1 young (4096K), 1 survivors (4096K)
 Metaspace       used 8264K, committed 8384K, reserved 1064960K
  class space    used 722K, committed 768K, reserved 1048576K
}
Event: 2.248 GC heap before
{Heap before GC invocations=1 (full 0):
 garbage-first heap   total 327680K, used 22043K [0x00000006c2800000, 0x0000000800000000)
  region size 4096K, 5 young (20480K), 1 survivors (4096K)
 Metaspace       used 10807K, committed 10944K, reserved 1064960K
  class space    used 1086K, committed 1152K, reserved 1048576K
}
Event: 2.252 GC heap after
{Heap after GC invocations=2 (full 0):
 garbage-first heap   total 327680K, used 10574K [0x00000006c2800000, 0x0000000800000000)
  region size 4096K, 1 young (4096K), 1 survivors (4096K)
 Metaspace       used 10807K, committed 10944K, reserved 1064960K
  class space    used 1086K, committed 1152K, reserved 1048576K
}
Event: 12.627 GC heap before
{Heap before GC invocations=2 (full 0):
 garbage-first heap   total 327680K, used 39246K [0x00000006c2800000, 0x0000000800000000)
  region size 4096K, 8 young (32768K), 1 survivors (4096K)
 Metaspace       used 18984K, committed 19200K, reserved 1073152K
  class space    used 2180K, committed 2304K, reserved 1048576K
}
Event: 12.632 GC heap after
{Heap after GC invocations=3 (full 0):
 garbage-first heap   total 327680K, used 13601K [0x00000006c2800000, 0x0000000800000000)
  region size 4096K, 1 young (4096K), 1 survivors (4096K)
 Metaspace       used 18984K, committed 19200K, reserved 1073152K
  class space    used 2180K, committed 2304K, reserved 1048576K
}

