# JRE version: OpenJDK Runtime Environment (17.0.6) (build 17.0.6+0-b2043.56-9586694)
# Java VM: OpenJDK 64-Bit Server VM (17.0.6+0-b2043.56-9586694, mixed mode, tiered, compressed oops, compressed class ptrs, g1 gc, windows-amd64)
GC Precious Log:
 CPUs: 4 total, 4 available
 Memory: 20314M
 Large Page Support: Disabled
 NUMA Support: Disabled
 Compressed Oops: Enabled (Zero based)
 Heap Region Size: 2M
 Heap Min Capacity: 8M
 Heap Initial Capacity: 318M
 Heap Max Capacity: 3536M
 Pre-touch: Disabled
 Parallel Workers: 4
 Concurrent Workers: 1
 Concurrent Refinement Workers: 4
 Periodic GC: Disabled
Heap:
 garbage-first heap   total 679936K, used 433152K [0x0000000723000000, 0x0000000800000000)
  region size 2048K, 21 young (43008K), 4 survivors (8192K)
 Metaspace       used 128634K, committed 130880K, reserved 1163264K
  class space    used 17599K, committed 18560K, reserved 1048576K
GC Heap History (20 events):
Event: 70.151 GC heap before
{Heap before GC invocations=65 (full 0):
 garbage-first heap   total 471040K, used 387394K [0x0000000723000000, 0x0000000800000000)
  region size 2048K, 62 young (126976K), 5 survivors (10240K)
 Metaspace       used 111207K, committed 112768K, reserved 1146880K
  class space    used 15364K, committed 16064K, reserved 1048576K
}
Event: 70.167 GC heap after
{Heap after GC invocations=66 (full 0):
 garbage-first heap   total 565248K, used 278598K [0x0000000723000000, 0x0000000800000000)
  region size 2048K, 8 young (16384K), 8 survivors (16384K)
 Metaspace       used 111207K, committed 112768K, reserved 1146880K
  class space    used 15364K, committed 16064K, reserved 1048576K
}
Event: 73.236 GC heap before
{Heap before GC invocations=66 (full 0):
 garbage-first heap   total 565248K, used 469062K [0x0000000723000000, 0x0000000800000000)
  region size 2048K, 99 young (202752K), 8 survivors (16384K)
 Metaspace       used 111384K, committed 113024K, reserved 1146880K
  class space    used 15383K, committed 16128K, reserved 1048576K
}
Event: 73.256 GC heap after
{Heap after GC invocations=67 (full 0):
 garbage-first heap   total 565248K, used 294742K [0x0000000723000000, 0x0000000800000000)
  region size 2048K, 10 young (20480K), 10 survivors (20480K)
 Metaspace       used 111384K, committed 113024K, reserved 1146880K
  class space    used 15383K, committed 16128K, reserved 1048576K
}
Event: 74.190 GC heap before
{Heap before GC invocations=67 (full 0):
 garbage-first heap   total 565248K, used 464726K [0x0000000723000000, 0x0000000800000000)
  region size 2048K, 94 young (192512K), 10 survivors (20480K)
 Metaspace       used 111498K, committed 113152K, reserved 1146880K
  class space    used 15401K, committed 16128K, reserved 1048576K
}
Event: 74.210 GC heap after
{Heap after GC invocations=68 (full 0):
 garbage-first heap   total 565248K, used 302520K [0x0000000723000000, 0x0000000800000000)
  region size 2048K, 5 young (10240K), 5 survivors (10240K)
 Metaspace       used 111498K, committed 113152K, reserved 1146880K
  class space    used 15401K, committed 16128K, reserved 1048576K
}
Event: 74.761 GC heap before
{Heap before GC invocations=68 (full 0):
 garbage-first heap   total 565248K, used 466360K [0x0000000723000000, 0x0000000800000000)
  region size 2048K, 86 young (176128K), 5 survivors (10240K)
 Metaspace       used 111655K, committed 113344K, reserved 1146880K
  class space    used 15420K, committed 16128K, reserved 1048576K
}
Event: 74.776 GC heap after
{Heap after GC invocations=69 (full 0):
 garbage-first heap   total 565248K, used 306133K [0x0000000723000000, 0x0000000800000000)
  region size 2048K, 7 young (14336K), 7 survivors (14336K)
 Metaspace       used 111655K, committed 113344K, reserved 1146880K
  class space    used 15420K, committed 16128K, reserved 1048576K
}
Event: 75.543 GC heap before
{Heap before GC invocations=69 (full 0):
 garbage-first heap   total 565248K, used 469973K [0x0000000723000000, 0x0000000800000000)
  region size 2048K, 88 young (180224K), 7 survivors (14336K)
 Metaspace       used 112138K, committed 113856K, reserved 1146880K
  class space    used 15479K, committed 16256K, reserved 1048576K
}
Event: 75.566 GC heap after
{Heap after GC invocations=70 (full 0):
 garbage-first heap   total 565248K, used 318340K [0x0000000723000000, 0x0000000800000000)
  region size 2048K, 10 young (20480K), 10 survivors (20480K)
 Metaspace       used 112138K, committed 113856K, reserved 1146880K
  class space    used 15479K, committed 16256K, reserved 1048576K
}
Event: 76.126 GC heap before
{Heap before GC invocations=70 (full 0):
 garbage-first heap   total 565248K, used 467844K [0x0000000723000000, 0x0000000800000000)
  region size 2048K, 84 young (172032K), 10 survivors (20480K)
 Metaspace       used 112457K, committed 114176K, reserved 1146880K
  class space    used 15518K, committed 16256K, reserved 1048576K
}
Event: 76.153 GC heap after
{Heap after GC invocations=71 (full 0):
 garbage-first heap   total 565248K, used 326480K [0x0000000723000000, 0x0000000800000000)
  region size 2048K, 6 young (12288K), 6 survivors (12288K)
 Metaspace       used 112457K, committed 114176K, reserved 1146880K
  class space    used 15518K, committed 16256K, reserved 1048576K
}
Event: 77.267 GC heap before
{Heap before GC invocations=71 (full 0):
 garbage-first heap   total 565248K, used 467792K [0x0000000723000000, 0x0000000800000000)
  region size 2048K, 76 young (155648K), 6 survivors (12288K)
 Metaspace       used 112711K, committed 114496K, reserved 1155072K
  class space    used 15547K, committed 16320K, reserved 1048576K
}
Event: 77.290 GC heap after
{Heap after GC invocations=72 (full 0):
 garbage-first heap   total 679936K, used 331776K [0x0000000723000000, 0x0000000800000000)
  region size 2048K, 8 young (16384K), 8 survivors (16384K)
 Metaspace       used 112711K, committed 114496K, reserved 1155072K
  class space    used 15547K, committed 16320K, reserved 1048576K
}
Event: 86.817 GC heap before
{Heap before GC invocations=72 (full 0):
 garbage-first heap   total 679936K, used 571392K [0x0000000723000000, 0x0000000800000000)
  region size 2048K, 125 young (256000K), 8 survivors (16384K)
 Metaspace       used 121827K, committed 123968K, reserved 1155072K
  class space    used 16817K, committed 17728K, reserved 1048576K
}
Event: 86.888 GC heap after
{Heap after GC invocations=73 (full 0):
 garbage-first heap   total 679936K, used 367600K [0x0000000723000000, 0x0000000800000000)
  region size 2048K, 16 young (32768K), 16 survivors (32768K)
 Metaspace       used 121827K, committed 123968K, reserved 1155072K
  class space    used 16817K, committed 17728K, reserved 1048576K
}
Event: 91.032 GC heap before
{Heap before GC invocations=73 (full 0):
 garbage-first heap   total 679936K, used 558064K [0x0000000723000000, 0x0000000800000000)
  region size 2048K, 106 young (217088K), 16 survivors (32768K)
 Metaspace       used 128164K, committed 130432K, reserved 1163264K
  class space    used 17531K, committed 18496K, reserved 1048576K
}
Event: 91.099 GC heap after
{Heap after GC invocations=74 (full 0):
 garbage-first heap   total 679936K, used 394985K [0x0000000723000000, 0x0000000800000000)
  region size 2048K, 13 young (26624K), 13 survivors (26624K)
 Metaspace       used 128164K, committed 130432K, reserved 1163264K
  class space    used 17531K, committed 18496K, reserved 1048576K
}
Event: 91.964 GC heap before
{Heap before GC invocations=74 (full 0):
 garbage-first heap   total 679936K, used 550633K [0x0000000723000000, 0x0000000800000000)
  region size 2048K, 90 young (184320K), 13 survivors (26624K)
 Metaspace       used 128193K, committed 130432K, reserved 1163264K
  class space    used 17534K, committed 18496K, reserved 1048576K
}
Event: 91.988 GC heap after
{Heap after GC invocations=75 (full 0):
 garbage-first heap   total 679936K, used 400384K [0x0000000723000000, 0x0000000800000000)
  region size 2048K, 4 young (8192K), 4 survivors (8192K)
 Metaspace       used 128193K, committed 130432K, reserved 1163264K
  class space    used 17534K, committed 18496K, reserved 1048576K
}

